android/app/build/intermediates/manifest_merge_blame_file/debug/manifest-merger-blame-debug-report.txt
1<?xml version="1.0" encoding="utf-8"?>
2<manifest xmlns:android="http://schemas.android.com/apk/res/android"
3    package="com.assignment1"
4    android:versionCode="1"
5    android:versionName="1.0" >
6
7    <uses-sdk
8        android:minSdkVersion="21"
9        android:targetSdkVersion="34" />
10
11    <uses-permission android:name="android.permission.INTERNET" />
11-->src/main/AndroidManifest.xml:3:5-67
11-->src/main/AndroidManifest.xml:3:22-64
12    <uses-permission android:name="android.permission.WAKE_LOCK" />
12-->[:react-native-firebase_auth] AndroidManifest.xml:8:5-68
12-->[:react-native-firebase_auth] AndroidManifest.xml:8:22-65
13    <uses-permission android:name="android.permission.ACCESS_NETWORK_STATE" />
13-->[:react-native-firebase_auth] AndroidManifest.xml:9:5-79
13-->[:react-native-firebase_auth] AndroidManifest.xml:9:22-76
14    <uses-permission android:name="android.permission.WRITE_EXTERNAL_STORAGE" />
14-->[:react-native-fs] AndroidManifest.xml:7:5-81
14-->[:react-native-fs] AndroidManifest.xml:7:22-78
15    <uses-permission android:name="android.permission.READ_EXTERNAL_STORAGE" />
16    <!--
17    This manifest file is used only by Gradle to configure debug-only capabilities
18    for React Native Apps.
19    -->
20    <uses-permission android:name="android.permission.SYSTEM_ALERT_WINDOW" />
20-->[com.facebook.react:react-android:0.73.2] AndroidManifest.xml:16:5-78
20-->[com.facebook.react:react-android:0.73.2] AndroidManifest.xml:16:22-75
21    <uses-permission android:name="android.permission.ACCESS_WIFI_STATE" />
21-->[com.facebook.flipper:flipper:0.201.0] AndroidManifest.xml:14:5-76
21-->[com.facebook.flipper:flipper:0.201.0] AndroidManifest.xml:14:22-73
22    <uses-permission android:name="com.google.android.providers.gsf.permission.READ_GSERVICES" />
22-->[com.google.android.recaptcha:recaptcha:18.4.0] AndroidManifest.xml:9:5-98
22-->[com.google.android.recaptcha:recaptcha:18.4.0] AndroidManifest.xml:9:22-95
23
24    <permission
24-->[androidx.core:core:1.9.0] AndroidManifest.xml:22:5-24:47
25        android:name="com.assignment1.DYNAMIC_RECEIVER_NOT_EXPORTED_PERMISSION"
25-->[androidx.core:core:1.9.0] AndroidManifest.xml:23:9-81
26        android:protectionLevel="signature" />
26-->[androidx.core:core:1.9.0] AndroidManifest.xml:24:9-44
27
28    <uses-permission android:name="com.assignment1.DYNAMIC_RECEIVER_NOT_EXPORTED_PERMISSION" />
28-->[androidx.core:core:1.9.0] AndroidManifest.xml:26:5-97
28-->[androidx.core:core:1.9.0] AndroidManifest.xml:26:22-94
29
30    <application
30-->src/main/AndroidManifest.xml:5:5-24:19
31        android:name="com.assignment1.MainApplication"
31-->src/main/AndroidManifest.xml:6:7-38
32        android:allowBackup="false"
32-->src/main/AndroidManifest.xml:10:7-34
33        android:appComponentFactory="androidx.core.app.CoreComponentFactory"
33-->[androidx.core:core:1.9.0] AndroidManifest.xml:28:18-86
34        android:debuggable="true"
35        android:extractNativeLibs="true"
36        android:icon="@mipmap/ic_launcher"
36-->src/main/AndroidManifest.xml:8:7-41
37        android:label="@string/app_name"
37-->src/main/AndroidManifest.xml:7:7-39
38        android:roundIcon="@mipmap/ic_launcher_round"
38-->src/main/AndroidManifest.xml:9:7-52
39        android:theme="@style/AppTheme"
39-->src/main/AndroidManifest.xml:11:7-38
40        android:usesCleartextTraffic="true" >
40-->src/debug/AndroidManifest.xml:6:9-44
41        <activity
41-->src/main/AndroidManifest.xml:12:7-23:18
42            android:name="com.assignment1.MainActivity"
42-->src/main/AndroidManifest.xml:13:9-37
43            android:configChanges="keyboard|keyboardHidden|orientation|screenLayout|screenSize|smallestScreenSize|uiMode"
43-->src/main/AndroidManifest.xml:15:9-118
44            android:exported="true"
44-->src/main/AndroidManifest.xml:18:9-32
45            android:label="@string/app_name"
45-->src/main/AndroidManifest.xml:14:9-41
46            android:launchMode="singleTask"
46-->src/main/AndroidManifest.xml:16:9-40
47            android:windowSoftInputMode="adjustResize" >
47-->src/main/AndroidManifest.xml:17:9-51
48            <intent-filter>
48-->src/main/AndroidManifest.xml:19:9-22:25
49                <action android:name="android.intent.action.MAIN" />
49-->src/main/AndroidManifest.xml:20:13-65
49-->src/main/AndroidManifest.xml:20:21-62
50
51                <category android:name="android.intent.category.LAUNCHER" />
51-->src/main/AndroidManifest.xml:21:13-73
51-->src/main/AndroidManifest.xml:21:23-70
52            </intent-filter>
53        </activity>
54
55        <meta-data
55-->[:react-native-firebase_app] AndroidManifest.xml:9:9-11:36
56            android:name="app_data_collection_default_enabled"
56-->[:react-native-firebase_app] AndroidManifest.xml:10:13-63
57            android:value="true" />
57-->[:react-native-firebase_app] AndroidManifest.xml:11:13-33
58
59        <service
59-->[:react-native-firebase_app] AndroidManifest.xml:13:9-21:19
60            android:name="com.google.firebase.components.ComponentDiscoveryService"
60-->[:react-native-firebase_app] AndroidManifest.xml:14:13-84
61            android:directBootAware="true"
61-->[:react-native-firebase_app] AndroidManifest.xml:15:13-43
62            android:exported="false" >
62-->[:react-native-firebase_app] AndroidManifest.xml:16:13-37
63            <meta-data
63-->[:react-native-firebase_app] AndroidManifest.xml:18:13-20:85
64                android:name="com.google.firebase.components:io.invertase.firebase.app.ReactNativeFirebaseAppRegistrar"
64-->[:react-native-firebase_app] AndroidManifest.xml:19:17-120
65                android:value="com.google.firebase.components.ComponentRegistrar" />
65-->[:react-native-firebase_app] AndroidManifest.xml:20:17-82
66            <meta-data
66-->[com.google.firebase:firebase-auth:22.3.1] AndroidManifest.xml:69:13-71:85
67                android:name="com.google.firebase.components:com.google.firebase.auth.FirebaseAuthRegistrar"
67-->[com.google.firebase:firebase-auth:22.3.1] AndroidManifest.xml:70:17-109
68                android:value="com.google.firebase.components.ComponentRegistrar" />
68-->[com.google.firebase:firebase-auth:22.3.1] AndroidManifest.xml:71:17-82
69            <meta-data
69-->[com.google.firebase:firebase-common-ktx:20.4.2] AndroidManifest.xml:12:13-14:85
70                android:name="com.google.firebase.components:com.google.firebase.ktx.FirebaseCommonLegacyRegistrar"
70-->[com.google.firebase:firebase-common-ktx:20.4.2] AndroidManifest.xml:13:17-116
71                android:value="com.google.firebase.components.ComponentRegistrar" />
71-->[com.google.firebase:firebase-common-ktx:20.4.2] AndroidManifest.xml:14:17-82
72            <meta-data
72-->[com.google.firebase:firebase-common:20.4.2] AndroidManifest.xml:35:13-37:85
73                android:name="com.google.firebase.components:com.google.firebase.FirebaseCommonKtxRegistrar"
73-->[com.google.firebase:firebase-common:20.4.2] AndroidManifest.xml:36:17-109
74                android:value="com.google.firebase.components.ComponentRegistrar" />
74-->[com.google.firebase:firebase-common:20.4.2] AndroidManifest.xml:37:17-82
75        </service>
76
77        <provider
77-->[:react-native-firebase_app] AndroidManifest.xml:23:9-27:38
78            android:name="io.invertase.firebase.app.ReactNativeFirebaseAppInitProvider"
78-->[:react-native-firebase_app] AndroidManifest.xml:24:13-88
79            android:authorities="com.assignment1.reactnativefirebaseappinitprovider"
79-->[:react-native-firebase_app] AndroidManifest.xml:25:13-86
80            android:exported="false"
80-->[:react-native-firebase_app] AndroidManifest.xml:26:13-37
81            android:initOrder="99" />
81-->[:react-native-firebase_app] AndroidManifest.xml:27:13-35
82
83        <activity
83-->[com.facebook.react:react-android:0.73.2] AndroidManifest.xml:19:9-21:40
84            android:name="com.facebook.react.devsupport.DevSettingsActivity"
84-->[com.facebook.react:react-android:0.73.2] AndroidManifest.xml:20:13-77
85            android:exported="false" />
85-->[com.facebook.react:react-android:0.73.2] AndroidManifest.xml:21:13-37
86        <activity
86-->[com.google.firebase:firebase-auth:22.3.1] AndroidManifest.xml:29:9-46:20
87            android:name="com.google.firebase.auth.internal.GenericIdpActivity"
87-->[com.google.firebase:firebase-auth:22.3.1] AndroidManifest.xml:30:13-80
88            android:excludeFromRecents="true"
88-->[com.google.firebase:firebase-auth:22.3.1] AndroidManifest.xml:31:13-46
89            android:exported="true"
89-->[com.google.firebase:firebase-auth:22.3.1] AndroidManifest.xml:32:13-36
90            android:launchMode="singleTask"
90-->[com.google.firebase:firebase-auth:22.3.1] AndroidManifest.xml:33:13-44
91            android:theme="@android:style/Theme.Translucent.NoTitleBar" >
91-->[com.google.firebase:firebase-auth:22.3.1] AndroidManifest.xml:34:13-72
92            <intent-filter>
92-->[com.google.firebase:firebase-auth:22.3.1] AndroidManifest.xml:35:13-45:29
93                <action android:name="android.intent.action.VIEW" />
93-->[com.google.firebase:firebase-auth:22.3.1] AndroidManifest.xml:36:17-69
93-->[com.google.firebase:firebase-auth:22.3.1] AndroidManifest.xml:36:25-66
94
95                <category android:name="android.intent.category.DEFAULT" />
95-->[com.google.firebase:firebase-auth:22.3.1] AndroidManifest.xml:38:17-76
95-->[com.google.firebase:firebase-auth:22.3.1] AndroidManifest.xml:38:27-73
96                <category android:name="android.intent.category.BROWSABLE" />
96-->[com.google.firebase:firebase-auth:22.3.1] AndroidManifest.xml:39:17-78
96-->[com.google.firebase:firebase-auth:22.3.1] AndroidManifest.xml:39:27-75
97
98                <data
98-->[com.google.firebase:firebase-auth:22.3.1] AndroidManifest.xml:41:17-44:51
99                    android:host="firebase.auth"
99-->[com.google.firebase:firebase-auth:22.3.1] AndroidManifest.xml:42:21-49
100                    android:path="/"
100-->[com.google.firebase:firebase-auth:22.3.1] AndroidManifest.xml:43:21-37
101                    android:scheme="genericidp" />
101-->[com.google.firebase:firebase-auth:22.3.1] AndroidManifest.xml:44:21-48
102            </intent-filter>
103        </activity>
104        <activity
104-->[com.google.firebase:firebase-auth:22.3.1] AndroidManifest.xml:47:9-64:20
105            android:name="com.google.firebase.auth.internal.RecaptchaActivity"
105-->[com.google.firebase:firebase-auth:22.3.1] AndroidManifest.xml:48:13-79
106            android:excludeFromRecents="true"
106-->[com.google.firebase:firebase-auth:22.3.1] AndroidManifest.xml:49:13-46
107            android:exported="true"
107-->[com.google.firebase:firebase-auth:22.3.1] AndroidManifest.xml:50:13-36
108            android:launchMode="singleTask"
108-->[com.google.firebase:firebase-auth:22.3.1] AndroidManifest.xml:51:13-44
109            android:theme="@android:style/Theme.Translucent.NoTitleBar" >
109-->[com.google.firebase:firebase-auth:22.3.1] AndroidManifest.xml:52:13-72
110            <intent-filter>
110-->[com.google.firebase:firebase-auth:22.3.1] AndroidManifest.xml:53:13-63:29
111                <action android:name="android.intent.action.VIEW" />
111-->[com.google.firebase:firebase-auth:22.3.1] AndroidManifest.xml:36:17-69
111-->[com.google.firebase:firebase-auth:22.3.1] AndroidManifest.xml:36:25-66
112
113                <category android:name="android.intent.category.DEFAULT" />
113-->[com.google.firebase:firebase-auth:22.3.1] AndroidManifest.xml:38:17-76
113-->[com.google.firebase:firebase-auth:22.3.1] AndroidManifest.xml:38:27-73
114                <category android:name="android.intent.category.BROWSABLE" />
114-->[com.google.firebase:firebase-auth:22.3.1] AndroidManifest.xml:39:17-78
114-->[com.google.firebase:firebase-auth:22.3.1] AndroidManifest.xml:39:27-75
115
116                <data
116-->[com.google.firebase:firebase-auth:22.3.1] AndroidManifest.xml:41:17-44:51
117                    android:host="firebase.auth"
117-->[com.google.firebase:firebase-auth:22.3.1] AndroidManifest.xml:42:21-49
118                    android:path="/"
118-->[com.google.firebase:firebase-auth:22.3.1] AndroidManifest.xml:43:21-37
119                    android:scheme="recaptcha" />
119-->[com.google.firebase:firebase-auth:22.3.1] AndroidManifest.xml:44:21-48
120            </intent-filter>
121        </activity>
122        <activity
122-->[com.google.android.gms:play-services-auth:20.7.0] AndroidManifest.xml:23:9-27:75
123            android:name="com.google.android.gms.auth.api.signin.internal.SignInHubActivity"
123-->[com.google.android.gms:play-services-auth:20.7.0] AndroidManifest.xml:24:13-93
124            android:excludeFromRecents="true"
124-->[com.google.android.gms:play-services-auth:20.7.0] AndroidManifest.xml:25:13-46
125            android:exported="false"
125-->[com.google.android.gms:play-services-auth:20.7.0] AndroidManifest.xml:26:13-37
126            android:theme="@android:style/Theme.Translucent.NoTitleBar" />
126-->[com.google.android.gms:play-services-auth:20.7.0] AndroidManifest.xml:27:13-72
127        <!--
128            Service handling Google Sign-In user revocation. For apps that do not integrate with
129            Google Sign-In, this service will never be started.
130        -->
131        <service
131-->[com.google.android.gms:play-services-auth:20.7.0] AndroidManifest.xml:33:9-37:51
132            android:name="com.google.android.gms.auth.api.signin.RevocationBoundService"
132-->[com.google.android.gms:play-services-auth:20.7.0] AndroidManifest.xml:34:13-89
133            android:exported="true"
133-->[com.google.android.gms:play-services-auth:20.7.0] AndroidManifest.xml:35:13-36
134            android:permission="com.google.android.gms.auth.api.signin.permission.REVOCATION_NOTIFICATION"
134-->[com.google.android.gms:play-services-auth:20.7.0] AndroidManifest.xml:36:13-107
135            android:visibleToInstantApps="true" />
135-->[com.google.android.gms:play-services-auth:20.7.0] AndroidManifest.xml:37:13-48
136
137        <activity
137-->[com.google.android.gms:play-services-base:18.0.1] AndroidManifest.xml:20:9-22:45
138            android:name="com.google.android.gms.common.api.GoogleApiActivity"
138-->[com.google.android.gms:play-services-base:18.0.1] AndroidManifest.xml:20:19-85
139            android:exported="false"
139-->[com.google.android.gms:play-services-base:18.0.1] AndroidManifest.xml:22:19-43
140            android:theme="@android:style/Theme.Translucent.NoTitleBar" />
140-->[com.google.android.gms:play-services-base:18.0.1] AndroidManifest.xml:21:19-78
141
142        <provider
142-->[com.google.firebase:firebase-common:20.4.2] AndroidManifest.xml:23:9-28:39
143            android:name="com.google.firebase.provider.FirebaseInitProvider"
143-->[com.google.firebase:firebase-common:20.4.2] AndroidManifest.xml:24:13-77
144            android:authorities="com.assignment1.firebaseinitprovider"
144-->[com.google.firebase:firebase-common:20.4.2] AndroidManifest.xml:25:13-72
145            android:directBootAware="true"
145-->[com.google.firebase:firebase-common:20.4.2] AndroidManifest.xml:26:13-43
146            android:exported="false"
146-->[com.google.firebase:firebase-common:20.4.2] AndroidManifest.xml:27:13-37
147            android:initOrder="100" />
147-->[com.google.firebase:firebase-common:20.4.2] AndroidManifest.xml:28:13-36
148
149        <meta-data
149-->[com.google.android.gms:play-services-basement:18.2.0] AndroidManifest.xml:21:9-23:69
150            android:name="com.google.android.gms.version"
150-->[com.google.android.gms:play-services-basement:18.2.0] AndroidManifest.xml:22:13-58
151            android:value="@integer/google_play_services_version" />
151-->[com.google.android.gms:play-services-basement:18.2.0] AndroidManifest.xml:23:13-66
152
153        <provider
153-->[androidx.emoji2:emoji2:1.2.0] AndroidManifest.xml:24:9-32:20
154            android:name="androidx.startup.InitializationProvider"
154-->[androidx.emoji2:emoji2:1.2.0] AndroidManifest.xml:25:13-67
155            android:authorities="com.assignment1.androidx-startup"
155-->[androidx.emoji2:emoji2:1.2.0] AndroidManifest.xml:26:13-68
156            android:exported="false" >
156-->[androidx.emoji2:emoji2:1.2.0] AndroidManifest.xml:27:13-37
157            <meta-data
157-->[androidx.emoji2:emoji2:1.2.0] AndroidManifest.xml:29:13-31:52
158                android:name="androidx.emoji2.text.EmojiCompatInitializer"
158-->[androidx.emoji2:emoji2:1.2.0] AndroidManifest.xml:30:17-75
159                android:value="androidx.startup" />
159-->[androidx.emoji2:emoji2:1.2.0] AndroidManifest.xml:31:17-49
160            <meta-data
160-->[androidx.lifecycle:lifecycle-process:2.4.1] AndroidManifest.xml:31:13-33:52
161                android:name="androidx.lifecycle.ProcessLifecycleInitializer"
161-->[androidx.lifecycle:lifecycle-process:2.4.1] AndroidManifest.xml:32:17-78
162                android:value="androidx.startup" />
162-->[androidx.lifecycle:lifecycle-process:2.4.1] AndroidManifest.xml:33:17-49
163        </provider>
164
165        <meta-data
165-->[com.facebook.soloader:soloader:0.10.5] AndroidManifest.xml:12:9-14:37
166            android:name="com.facebook.soloader.enabled"
166-->[com.facebook.soloader:soloader:0.10.5] AndroidManifest.xml:13:13-57
167            android:value="false" />
167-->[com.facebook.soloader:soloader:0.10.5] AndroidManifest.xml:14:13-34
168    </application>
169
170</manifest>